# JRE version: OpenJDK Runtime Environment Microsoft-8902769 (17.0.10+7) (build 17.0.10+7-LTS)
# Java VM: OpenJDK 64-Bit Server VM Microsoft-8902769 (17.0.10+7-LTS, mixed mode, sharing, tiered, compressed oops, compressed class ptrs, g1 gc, windows-amd64)
GC Precious Log:
 CPUs: 4 total, 4 available
 Memory: 3962M
 Large Page Support: Disabled
 NUMA Support: Disabled
 Compressed Oops: Enabled (32-bit)
 Heap Region Size: 1M
 Heap Min Capacity: 8M
 Heap Initial Capacity: 62M
 Heap Max Capacity: 2G
 Pre-touch: Disabled
 Parallel Workers: 4
 Concurrent Workers: 1
 Concurrent Refinement Workers: 4
 Periodic GC: Disabled
Heap:
 garbage-first heap   total 512000K, used 399223K [0x0000000080000000, 0x0000000100000000)
  region size 1024K, 76 young (77824K), 2 survivors (2048K)
 Metaspace       used 137355K, committed 139520K, reserved 557056K
  class space    used 18609K, committed 19648K, reserved 425984K
GC Heap History (20 events):
Event: 1045.975 GC heap before
{Heap before GC invocations=122 (full 0):
 garbage-first heap   total 512000K, used 305969K [0x0000000080000000, 0x0000000100000000)
  region size 1024K, 25 young (25600K), 5 survivors (5120K)
 Metaspace       used 133077K, committed 135168K, reserved 557056K
  class space    used 17947K, committed 18944K, reserved 425984K
}
Event: 1046.258 GC heap after
{Heap after GC invocations=123 (full 0):
 garbage-first heap   total 512000K, used 287457K [0x0000000080000000, 0x0000000100000000)
  region size 1024K, 4 young (4096K), 4 survivors (4096K)
 Metaspace       used 133077K, committed 135168K, reserved 557056K
  class space    used 17947K, committed 18944K, reserved 425984K
}
Event: 1053.614 GC heap before
{Heap before GC invocations=123 (full 0):
 garbage-first heap   total 512000K, used 308961K [0x0000000080000000, 0x0000000100000000)
  region size 1024K, 25 young (25600K), 4 survivors (4096K)
 Metaspace       used 133131K, committed 135168K, reserved 557056K
  class space    used 17953K, committed 18944K, reserved 425984K
}
Event: 1053.708 GC heap after
{Heap after GC invocations=124 (full 0):
 garbage-first heap   total 512000K, used 290470K [0x0000000080000000, 0x0000000100000000)
  region size 1024K, 4 young (4096K), 4 survivors (4096K)
 Metaspace       used 133131K, committed 135168K, reserved 557056K
  class space    used 17953K, committed 18944K, reserved 425984K
}
Event: 1063.000 GC heap before
{Heap before GC invocations=124 (full 0):
 garbage-first heap   total 512000K, used 319142K [0x0000000080000000, 0x0000000100000000)
  region size 1024K, 32 young (32768K), 4 survivors (4096K)
 Metaspace       used 133265K, committed 135296K, reserved 557056K
  class space    used 17955K, committed 18944K, reserved 425984K
}
Event: 1063.220 GC heap after
{Heap after GC invocations=125 (full 0):
 garbage-first heap   total 512000K, used 295506K [0x0000000080000000, 0x0000000100000000)
  region size 1024K, 4 young (4096K), 4 survivors (4096K)
 Metaspace       used 133265K, committed 135296K, reserved 557056K
  class space    used 17955K, committed 18944K, reserved 425984K
}
Event: 1070.164 GC heap before
{Heap before GC invocations=125 (full 0):
 garbage-first heap   total 512000K, used 320082K [0x0000000080000000, 0x0000000100000000)
  region size 1024K, 28 young (28672K), 4 survivors (4096K)
 Metaspace       used 133322K, committed 135360K, reserved 557056K
  class space    used 17961K, committed 18944K, reserved 425984K
}
Event: 1070.303 GC heap after
{Heap after GC invocations=126 (full 0):
 garbage-first heap   total 512000K, used 299959K [0x0000000080000000, 0x0000000100000000)
  region size 1024K, 4 young (4096K), 4 survivors (4096K)
 Metaspace       used 133322K, committed 135360K, reserved 557056K
  class space    used 17961K, committed 18944K, reserved 425984K
}
Event: 1080.502 GC heap before
{Heap before GC invocations=126 (full 0):
 garbage-first heap   total 512000K, used 327607K [0x0000000080000000, 0x0000000100000000)
  region size 1024K, 31 young (31744K), 4 survivors (4096K)
 Metaspace       used 133637K, committed 135680K, reserved 557056K
  class space    used 17995K, committed 19008K, reserved 425984K
}
Event: 1080.713 GC heap after
{Heap after GC invocations=127 (full 0):
 garbage-first heap   total 512000K, used 304710K [0x0000000080000000, 0x0000000100000000)
  region size 1024K, 4 young (4096K), 4 survivors (4096K)
 Metaspace       used 133637K, committed 135680K, reserved 557056K
  class space    used 17995K, committed 19008K, reserved 425984K
}
Event: 1085.143 GC heap before
{Heap before GC invocations=127 (full 0):
 garbage-first heap   total 512000K, used 333382K [0x0000000080000000, 0x0000000100000000)
  region size 1024K, 33 young (33792K), 4 survivors (4096K)
 Metaspace       used 133715K, committed 135808K, reserved 557056K
  class space    used 18004K, committed 19008K, reserved 425984K
}
Event: 1085.235 GC heap after
{Heap after GC invocations=128 (full 0):
 garbage-first heap   total 512000K, used 308641K [0x0000000080000000, 0x0000000100000000)
  region size 1024K, 4 young (4096K), 4 survivors (4096K)
 Metaspace       used 133715K, committed 135808K, reserved 557056K
  class space    used 18004K, committed 19008K, reserved 425984K
}
Event: 1087.056 GC heap before
{Heap before GC invocations=128 (full 0):
 garbage-first heap   total 512000K, used 348577K [0x0000000080000000, 0x0000000100000000)
  region size 1024K, 44 young (45056K), 4 survivors (4096K)
 Metaspace       used 133715K, committed 135808K, reserved 557056K
  class space    used 18004K, committed 19008K, reserved 425984K
}
Event: 1087.117 GC heap after
{Heap after GC invocations=129 (full 0):
 garbage-first heap   total 512000K, used 311056K [0x0000000080000000, 0x0000000100000000)
  region size 1024K, 4 young (4096K), 4 survivors (4096K)
 Metaspace       used 133715K, committed 135808K, reserved 557056K
  class space    used 18004K, committed 19008K, reserved 425984K
}
Event: 1088.679 GC heap before
{Heap before GC invocations=129 (full 0):
 garbage-first heap   total 512000K, used 364304K [0x0000000080000000, 0x0000000100000000)
  region size 1024K, 57 young (58368K), 4 survivors (4096K)
 Metaspace       used 133715K, committed 135808K, reserved 557056K
  class space    used 18004K, committed 19008K, reserved 425984K
}
Event: 1088.723 GC heap after
{Heap after GC invocations=130 (full 0):
 garbage-first heap   total 512000K, used 312936K [0x0000000080000000, 0x0000000100000000)
  region size 1024K, 5 young (5120K), 5 survivors (5120K)
 Metaspace       used 133715K, committed 135808K, reserved 557056K
  class space    used 18004K, committed 19008K, reserved 425984K
}
Event: 1118.191 GC heap before
{Heap before GC invocations=130 (full 0):
 garbage-first heap   total 512000K, used 382568K [0x0000000080000000, 0x0000000100000000)
  region size 1024K, 71 young (72704K), 5 survivors (5120K)
 Metaspace       used 137180K, committed 139328K, reserved 557056K
  class space    used 18607K, committed 19648K, reserved 425984K
}
Event: 1118.871 GC heap after
{Heap after GC invocations=131 (full 0):
 garbage-first heap   total 512000K, used 322624K [0x0000000080000000, 0x0000000100000000)
  region size 1024K, 9 young (9216K), 9 survivors (9216K)
 Metaspace       used 137180K, committed 139328K, reserved 557056K
  class space    used 18607K, committed 19648K, reserved 425984K
}
Event: 1119.816 GC heap before
{Heap before GC invocations=131 (full 0):
 garbage-first heap   total 512000K, used 345152K [0x0000000080000000, 0x0000000100000000)
  region size 1024K, 31 young (31744K), 9 survivors (9216K)
 Metaspace       used 137240K, committed 139392K, reserved 557056K
  class space    used 18607K, committed 19648K, reserved 425984K
}
Event: 1119.859 GC heap after
{Heap after GC invocations=132 (full 0):
 garbage-first heap   total 512000K, used 324471K [0x0000000080000000, 0x0000000100000000)
  region size 1024K, 2 young (2048K), 2 survivors (2048K)
 Metaspace       used 137240K, committed 139392K, reserved 557056K
  class space    used 18607K, committed 19648K, reserved 425984K
}

